c:\engine_6\engine_21\engine\release\vc141.pdb
c:\engine_6\engine_21\engine\release\main.obj
c:\engine_6\engine_22_fps_vsync\engine\release\vc141.pdb
c:\engine_6\engine_22_fps_vsync\engine\release\main.obj
c:\engine_6\engine_22_fps_vsync_2\engine\release\vc141.pdb
c:\engine_6\engine_22_fps_vsync_2\engine\release\main.obj
c:\engine_6\engine_22_fps_vsync_3\engine\release\vc141.pdb
c:\engine_6\engine_22_fps_vsync_3\engine\release\main.obj
c:\engine_6\engine_22_fps_vsync_4\engine\release\vc141.pdb
c:\engine_6\engine_22_fps_vsync_4\engine\release\main.obj
c:\engine_6\engine_22_fps_vsync_5\engine\release\vc141.pdb
c:\engine_6\engine_22_fps_vsync_5\engine\release\main.obj
c:\engine_6\engine_21\release\engine.ipdb
c:\engine_6\engine_21\release\engine.iobj
c:\engine_6\engine_22_fps_vsync\release\engine.ipdb
c:\engine_6\engine_22_fps_vsync\release\engine.iobj
c:\engine_6\engine_22_fps_vsync_2\release\engine.ipdb
c:\engine_6\engine_22_fps_vsync_2\release\engine.iobj
c:\engine_6\engine_22_fps_vsync_3\release\engine.ipdb
c:\engine_6\engine_22_fps_vsync_3\release\engine.iobj
c:\engine_6\engine_22_fps_vsync_4\release\engine.ipdb
c:\engine_6\engine_22_fps_vsync_4\release\engine.iobj
c:\engine_6\engine_22_fps_vsync_5\release\engine.ipdb
c:\engine_6\engine_22_fps_vsync_5\release\engine.iobj
c:\engine_6\engine_21\release\engine.exe
c:\engine_6\engine_21\release\engine.pdb
c:\engine_6\engine_22_fps_vsync\release\engine.exe
c:\engine_6\engine_22_fps_vsync\release\engine.pdb
c:\engine_6\engine_22_fps_vsync_2\release\engine.exe
c:\engine_6\engine_22_fps_vsync_2\release\engine.pdb
c:\engine_6\engine_22_fps_vsync_3\release\engine.exe
c:\engine_6\engine_22_fps_vsync_3\release\engine.pdb
c:\engine_6\engine_22_fps_vsync_4\release\engine.exe
c:\engine_6\engine_22_fps_vsync_4\release\engine.pdb
c:\engine_6\engine_22_fps_vsync_5\release\engine.pdb
c:\engine_6\engine_22_fps_vsync_5\engine\release\engine.tlog\cl.command.1.tlog
c:\engine_6\engine_22_fps_vsync_5\engine\release\engine.tlog\cl.read.1.tlog
c:\engine_6\engine_22_fps_vsync_5\engine\release\engine.tlog\cl.write.1.tlog
c:\engine_6\engine_22_fps_vsync_5\engine\release\engine.tlog\engine.write.1u.tlog
c:\engine_6\engine_22_fps_vsync_5\engine\release\engine.tlog\link-cvtres.read.1.tlog
c:\engine_6\engine_22_fps_vsync_5\engine\release\engine.tlog\link-cvtres.write.1.tlog
c:\engine_6\engine_22_fps_vsync_5\engine\release\engine.tlog\link-rc.read.1.tlog
c:\engine_6\engine_22_fps_vsync_5\engine\release\engine.tlog\link-rc.write.1.tlog
c:\engine_6\engine_22_fps_vsync_5\engine\release\engine.tlog\link.command.1.tlog
c:\engine_6\engine_22_fps_vsync_5\engine\release\engine.tlog\link.read.1.tlog
c:\engine_6\engine_22_fps_vsync_5\engine\release\engine.tlog\link.write.1.tlog
