  Main.cpp
c:\engine_6\engine_24_fps_vsync_on\engine\include\Vector.h(52): warning C4244: аргумент: преобразование "float" в "int", возможна потеря данных
c:\engine_6\engine_24_fps_vsync_on\engine\include\Vector.h(53): warning C4244: аргумент: преобразование "float" в "int", возможна потеря данных
c:\engine_6\engine_24_fps_vsync_on\engine\include\Vector.h(54): warning C4244: return: преобразование "int" в "float", возможна потеря данных
c:\engine_6\engine_24_fps_vsync_on\engine\include\Vector.h(55): warning C4244: аргумент: преобразование "float" в "int", возможна потеря данных
c:\engine_6\engine_24_fps_vsync_on\engine\include\Vector.h(85): warning C4244: =: преобразование "const int" в "float", возможна потеря данных
c:\engine_6\engine_24_fps_vsync_on\engine\include\Vector.h(86): warning C4244: =: преобразование "const int" в "float", возможна потеря данных
c:\engine_6\engine_24_fps_vsync_on\engine\include\Vector.h(124): warning C4244: =: преобразование "int" в "float", возможна потеря данных
c:\engine_6\engine_24_fps_vsync_on\engine\include\Pixel.h(15): warning C4244: аргумент: преобразование "float" в "int", возможна потеря данных
c:\engine_6\engine_24_fps_vsync_on\engine\include\Render.h(51): warning C4244: инициализация: преобразование "int" в "float", возможна потеря данных
c:\engine_6\engine_24_fps_vsync_on\engine\include\Render.h(52): warning C4244: инициализация: преобразование "int" в "float", возможна потеря данных
c:\engine_6\engine_24_fps_vsync_on\engine\include\Render.h(68): warning C4244: инициализация: преобразование "int" в "float", возможна потеря данных
c:\engine_6\engine_24_fps_vsync_on\engine\include\Render.h(69): warning C4244: инициализация: преобразование "int" в "float", возможна потеря данных
c:\engine_6\engine_24_fps_vsync_on\engine\include\Render.h(96): warning C4244: инициализация: преобразование "float" в "int", возможна потеря данных
c:\engine_6\engine_24_fps_vsync_on\engine\include\Render.h(97): warning C4244: инициализация: преобразование "float" в "int", возможна потеря данных
Main.cpp(13): warning C4305: аргумент: усечение из "double" в "float"
Main.cpp(25): warning C4244: аргумент: преобразование "double" в "float", возможна потеря данных
Main.cpp(26): warning C4244: аргумент: преобразование "int" в "float", возможна потеря данных
Main.cpp(60): warning C4305: инициализация: усечение из "double" в "float"
Main.cpp(63): warning C4305: аргумент: усечение из "double" в "float"
Main.cpp(72): warning C4305: аргумент: усечение из "double" в "float"
Main.cpp(74): warning C4305: +=: усечение из "double" в "float"
  Создание кода
  1 of 203 functions ( 0.5%) were compiled, the rest were copied from previous compilation.
    0 functions were new in current compilation
    0 functions had inline decision re-evaluated but remain unchanged
  Создание кода завершено
  Engine.vcxproj -> C:\ENGINE_6\Engine_24_FPS_Vsync_ON\Release\Engine.exe
