  Main.cpp
c:\engine_6\engine_22_fps_vsync_5\engine\include\vector.h(52): warning C4244: аргумент: преобразование "float" в "int", возможна потеря данных
c:\engine_6\engine_22_fps_vsync_5\engine\include\vector.h(53): warning C4244: аргумент: преобразование "float" в "int", возможна потеря данных
c:\engine_6\engine_22_fps_vsync_5\engine\include\vector.h(54): warning C4244: return: преобразование "int" в "float", возможна потеря данных
c:\engine_6\engine_22_fps_vsync_5\engine\include\vector.h(55): warning C4244: аргумент: преобразование "float" в "int", возможна потеря данных
c:\engine_6\engine_22_fps_vsync_5\engine\include\vector.h(85): warning C4244: =: преобразование "const int" в "float", возможна потеря данных
c:\engine_6\engine_22_fps_vsync_5\engine\include\vector.h(86): warning C4244: =: преобразование "const int" в "float", возможна потеря данных
c:\engine_6\engine_22_fps_vsync_5\engine\include\vector.h(124): warning C4244: =: преобразование "int" в "float", возможна потеря данных
c:\engine_6\engine_22_fps_vsync_5\engine\include\pixel.h(15): warning C4244: аргумент: преобразование "float" в "int", возможна потеря данных
c:\engine_6\engine_22_fps_vsync_5\engine\include\render.h(51): warning C4244: инициализация: преобразование "int" в "float", возможна потеря данных
c:\engine_6\engine_22_fps_vsync_5\engine\include\render.h(52): warning C4244: инициализация: преобразование "int" в "float", возможна потеря данных
c:\engine_6\engine_22_fps_vsync_5\engine\include\render.h(68): warning C4244: инициализация: преобразование "int" в "float", возможна потеря данных
c:\engine_6\engine_22_fps_vsync_5\engine\include\render.h(69): warning C4244: инициализация: преобразование "int" в "float", возможна потеря данных
c:\engine_6\engine_22_fps_vsync_5\engine\include\render.h(103): warning C4244: инициализация: преобразование "float" в "int", возможна потеря данных
c:\engine_6\engine_22_fps_vsync_5\engine\include\render.h(104): warning C4244: инициализация: преобразование "float" в "int", возможна потеря данных
c:\engine_6\engine_22_fps_vsync_5\engine\main.cpp(25): warning C4244: аргумент: преобразование "double" в "float", возможна потеря данных
c:\engine_6\engine_22_fps_vsync_5\engine\main.cpp(26): warning C4244: аргумент: преобразование "int" в "float", возможна потеря данных
c:\engine_6\engine_22_fps_vsync_5\engine\main.cpp(71): warning C4305: +=: усечение из "double" в "float"
c:\engine_6\engine_22_fps_vsync_5\engine\main.cpp(74): warning C4305: аргумент: усечение из "double" в "float"
DDRAW.LIB(DDRAW.dll) : warning LNK4209: юЄырфюўэ√х фрээ√х яютЁхцфхэ√; яхЁхъюьяшышЁєщЄх ьюфєы№; ъюьяюэютър юс·хъЄр т√яюыэ хЄё  ъръ яЁш юЄёєЄёЄтшш юЄырфюўэ√ї фрээ√ї
DDRAW.LIB(DDRAW.dll) : warning LNK4209: юЄырфюўэ√х фрээ√х яютЁхцфхэ√; яхЁхъюьяшышЁєщЄх ьюфєы№; ъюьяюэютър юс·хъЄр т√яюыэ хЄё  ъръ яЁш юЄёєЄёЄтшш юЄырфюўэ√ї фрээ√ї
  Engine.vcxproj -> C:\ENGINE_6\Engine_22_FPS_Vsync_5\Debug\Engine.exe
